# Logfile created on 2011-09-23 23:11:49 -0700 by logger.rb/25413
REQUESTING PAGE: GET /posts with {} and HTTP headers {}
REQUESTING PAGE: GET /posts/new with {} and HTTP headers {}
REQUESTING PAGE: GET http://www.example.com/users/sign_in with {} and HTTP headers {"HTTP_REFERER"=>"/posts/new"}
REQUESTING PAGE: GET /posts/new with {} and HTTP headers {}
REQUESTING PAGE: GET http://www.example.com/users/sign_in with {} and HTTP headers {"HTTP_REFERER"=>"/posts/new"}
REQUESTING PAGE: GET /posts/new with {} and HTTP headers {}
REQUESTING PAGE: GET http://www.example.com/users/sign_in with {} and HTTP headers {"HTTP_REFERER"=>"/posts/new"}
REQUESTING PAGE: GET /posts/new with {} and HTTP headers {}
REQUESTING PAGE: GET http://www.example.com/users/sign_in with {} and HTTP headers {"HTTP_REFERER"=>"/posts/new"}
REQUESTING PAGE: GET /posts/new with {} and HTTP headers {}
REQUESTING PAGE: GET http://www.example.com/users/sign_in with {} and HTTP headers {"HTTP_REFERER"=>"/posts/new"}
REQUESTING PAGE: GET /posts/new with {} and HTTP headers {}
REQUESTING PAGE: GET http://www.example.com/users/sign_in with {} and HTTP headers {"HTTP_REFERER"=>"/posts/new"}
REQUESTING PAGE: GET /posts/new with {} and HTTP headers {}
REQUESTING PAGE: GET http://www.example.com/users/sign_in with {} and HTTP headers {"HTTP_REFERER"=>"/posts/new"}
REQUESTING PAGE: GET /posts/new with {} and HTTP headers {}
REQUESTING PAGE: GET http://www.example.com/users/sign_in with {} and HTTP headers {"HTTP_REFERER"=>"/posts/new"}
REQUESTING PAGE: GET /posts/new with {} and HTTP headers {}
REQUESTING PAGE: GET http://www.example.com/users/sign_in with {} and HTTP headers {"HTTP_REFERER"=>"/posts/new"}
REQUESTING PAGE: GET /posts/new with {} and HTTP headers {}
REQUESTING PAGE: GET http://www.example.com/users/sign_in with {} and HTTP headers {"HTTP_REFERER"=>"/posts/new"}
REQUESTING PAGE: POST /users/sign_in with {"utf8"=>"\xE2\x9C\x93", "user"=>{"email"=>"factoriedemail@email.com", "password"=>"123456", "remember_me"=>"0"}, "commit"=>"Sign in"} and HTTP headers {"HTTP_REFERER"=>"http://www.example.com/users/sign_in"}
REQUESTING PAGE: GET http://www.example.com/posts/new with {} and HTTP headers {"HTTP_REFERER"=>"/users/sign_in"}
REQUESTING PAGE: POST /posts with {"utf8"=>"\xE2\x9C\x93", "post"=>{"title"=>"", "content"=>"Some text", "location"=>"", "price"=>"10", "assets_attributes"=>{"0"=>{"image"=>""}, "1"=>{"image"=>""}, "2"=>{"image"=>""}, "3"=>{"image"=>""}}}, "commit"=>"Create Post"} and HTTP headers {"HTTP_REFERER"=>"http://www.example.com/posts/new"}
REQUESTING PAGE: GET /posts/new with {} and HTTP headers {}
REQUESTING PAGE: GET http://www.example.com/users/sign_in with {} and HTTP headers {"HTTP_REFERER"=>"/posts/new"}
REQUESTING PAGE: GET /posts/new with {} and HTTP headers {}
REQUESTING PAGE: GET http://www.example.com/users/sign_in with {} and HTTP headers {"HTTP_REFERER"=>"/posts/new"}
REQUESTING PAGE: POST /users/sign_in with {"utf8"=>"\xE2\x9C\x93", "user"=>{"email"=>"factoriedemail@email.com", "password"=>"123456", "remember_me"=>"0"}, "commit"=>"Sign in"} and HTTP headers {"HTTP_REFERER"=>"http://www.example.com/users/sign_in"}
REQUESTING PAGE: GET http://www.example.com/posts/new with {} and HTTP headers {"HTTP_REFERER"=>"/users/sign_in"}
REQUESTING PAGE: POST /posts with {"utf8"=>"\xE2\x9C\x93", "post"=>{"title"=>"", "content"=>"Some text", "location"=>"", "price"=>"10", "assets_attributes"=>{"0"=>{"image"=>""}, "1"=>{"image"=>""}, "2"=>{"image"=>""}, "3"=>{"image"=>""}}}, "commit"=>"Create Post"} and HTTP headers {"HTTP_REFERER"=>"http://www.example.com/posts/new"}
REQUESTING PAGE: GET /posts/new with {} and HTTP headers {}
REQUESTING PAGE: GET http://www.example.com/users/sign_in with {} and HTTP headers {"HTTP_REFERER"=>"/posts/new"}
REQUESTING PAGE: GET /posts/new with {} and HTTP headers {}
REQUESTING PAGE: GET http://www.example.com/users/sign_in with {} and HTTP headers {"HTTP_REFERER"=>"/posts/new"}
REQUESTING PAGE: GET /search with {"utf8"=>"\xE2\x9C\x93", "search"=>""} and HTTP headers {"HTTP_REFERER"=>"http://www.example.com/users/sign_in"}
